<?xml version="1.0" encoding="UTF-8"?>
<!-- Generated by org.testng.reporters.JUnitReportReporter -->
<testsuite hostname="Rio" failures="0" tests="2" name="Reqres_API_Test" time="1.472" errors="0" timestamp="2023-02-19T17:01:09 WIB" skipped="0">
  <testcase classname="Reqres_API_Test" name="getsingleuser" time="1.246"/>
  <system-out/>
  <testcase classname="Reqres_API_Test" name="test2" time="0.226"/>
  <system-out/>
</testsuite> <!-- Reqres_API_Test -->
